g:\课程作业\大一下\面向对象工程\ooppoj\ooppoj\debug\ooppoj.pch
g:\课程作业\大一下\面向对象工程\ooppoj\ooppoj\debug\vc141.pdb
g:\课程作业\大一下\面向对象工程\ooppoj\ooppoj\debug\vc141.idb
g:\课程作业\大一下\面向对象工程\ooppoj\ooppoj\debug\stdafx.obj
g:\课程作业\大一下\面向对象工程\ooppoj\ooppoj\debug\console.obj
g:\课程作业\大一下\面向对象工程\ooppoj\ooppoj\debug\course.obj
g:\课程作业\大一下\面向对象工程\ooppoj\ooppoj\debug\date.obj
g:\课程作业\大一下\面向对象工程\ooppoj\ooppoj\debug\electivecourse.obj
g:\课程作业\大一下\面向对象工程\ooppoj\ooppoj\debug\inputexception.obj
g:\课程作业\大一下\面向对象工程\ooppoj\ooppoj\debug\obligatorycourse.obj
g:\课程作业\大一下\面向对象工程\ooppoj\ooppoj\debug\ooppoj.obj
g:\课程作业\大一下\面向对象工程\ooppoj\ooppoj\debug\student.obj
g:\课程作业\大一下\面向对象工程\ooppoj\ooppoj\debug\myexception.obj
g:\课程作业\大一下\面向对象工程\ooppoj\debug\ooppoj.ilk
g:\课程作业\大一下\面向对象工程\ooppoj\debug\ooppoj.exe
g:\课程作业\大一下\面向对象工程\ooppoj\debug\ooppoj.pdb
g:\课程作业\大一下\面向对象工程\ooppoj\ooppoj\debug\vc140.idb
g:\课程作业\大一下\面向对象工程\ooppoj\ooppoj\debug\vc140.pdb
g:\课程作业\大一下\面向对象工程\ooppoj\ooppoj\debug\ooppoj.tlog\cl.command.1.tlog
g:\课程作业\大一下\面向对象工程\ooppoj\ooppoj\debug\ooppoj.tlog\cl.read.1.tlog
g:\课程作业\大一下\面向对象工程\ooppoj\ooppoj\debug\ooppoj.tlog\cl.write.1.tlog
g:\课程作业\大一下\面向对象工程\ooppoj\ooppoj\debug\ooppoj.tlog\link.command.1.tlog
g:\课程作业\大一下\面向对象工程\ooppoj\ooppoj\debug\ooppoj.tlog\link.delete.1.tlog
g:\课程作业\大一下\面向对象工程\ooppoj\ooppoj\debug\ooppoj.tlog\link.read.1.tlog
g:\课程作业\大一下\面向对象工程\ooppoj\ooppoj\debug\ooppoj.tlog\link.write.1.tlog
