f:\北航\北航一学期下\面向对象\6\file\file\debug\vc140.pdb
f:\北航\北航一学期下\面向对象\6\file\file\debug\vc140.idb
f:\北航\北航一学期下\面向对象\6\file\file\debug\console.obj
f:\北航\北航一学期下\面向对象\6\file\file\debug\course.obj
f:\北航\北航一学期下\面向对象\6\file\file\debug\date.obj
f:\北航\北航一学期下\面向对象\6\file\file\debug\electivecourse.obj
f:\北航\北航一学期下\面向对象\6\file\file\debug\exception.obj
f:\北航\北航一学期下\面向对象\6\file\file\debug\main.obj
f:\北航\北航一学期下\面向对象\6\file\file\debug\obligatorycourse.obj
f:\北航\北航一学期下\面向对象\6\file\file\debug\student.obj
f:\北航\北航一学期下\面向对象\6\file\file\debug\base.obj
f:\北航\北航一学期下\面向对象\6\file\file\debug\file.ilk
f:\北航\北航一学期下\面向对象\6\file\file\debug\file.exe
f:\北航\北航一学期下\面向对象\6\file\file\debug\file.pdb
f:\北航\北航一学期下\面向对象\6\file\file\debug\student.new.obj.enc
f:\北航\北航一学期下\面向对象\6\file\file\debug\file.tlog\cl.command.1.tlog
f:\北航\北航一学期下\面向对象\6\file\file\debug\file.tlog\cl.read.1.tlog
f:\北航\北航一学期下\面向对象\6\file\file\debug\file.tlog\cl.write.1.tlog
f:\北航\北航一学期下\面向对象\6\file\file\debug\file.tlog\link.command.1.tlog
f:\北航\北航一学期下\面向对象\6\file\file\debug\file.tlog\link.read.1.tlog
f:\北航\北航一学期下\面向对象\6\file\file\debug\file.tlog\link.write.1.tlog
