c:\users\qwaae\desktop\objective homework2\objective homework2\debug\objective homework2.pch
c:\users\qwaae\desktop\objective homework2\objective homework2\debug\vc140.pdb
c:\users\qwaae\desktop\objective homework2\objective homework2\debug\vc140.idb
c:\users\qwaae\desktop\objective homework2\objective homework2\debug\stdafx.obj
c:\users\qwaae\desktop\objective homework2\objective homework2\debug\console.obj
c:\users\qwaae\desktop\objective homework2\objective homework2\debug\course.obj
c:\users\qwaae\desktop\objective homework2\objective homework2\debug\date.obj
c:\users\qwaae\desktop\objective homework2\objective homework2\debug\electivecourse.obj
c:\users\qwaae\desktop\objective homework2\objective homework2\debug\objective homework2.obj
c:\users\qwaae\desktop\objective homework2\objective homework2\debug\obligatarycourse.obj
c:\users\qwaae\desktop\objective homework2\objective homework2\debug\student.obj
c:\users\qwaae\desktop\objective homework2\objective homework2\debug\dateexception.obj
c:\users\qwaae\desktop\objective homework2\objective homework2\debug\gradeexception.obj
c:\users\qwaae\desktop\objective homework2\objective homework2\debug\myexception.obj
c:\users\qwaae\desktop\objective homework2\objective homework2\debug\arrayexception.obj
c:\users\qwaae\desktop\objective homework2\debug\objective homework2.ilk
c:\users\qwaae\desktop\objective homework2\debug\objective homework2.exe
c:\users\qwaae\desktop\objective homework2\debug\objective homework2.pdb
c:\users\qwaae\desktop\objective homework2\objective homework2\debug\objectiv.4a7a400e.tlog\cl.command.1.tlog
c:\users\qwaae\desktop\objective homework2\objective homework2\debug\objectiv.4a7a400e.tlog\cl.read.1.tlog
c:\users\qwaae\desktop\objective homework2\objective homework2\debug\objectiv.4a7a400e.tlog\cl.write.1.tlog
c:\users\qwaae\desktop\objective homework2\objective homework2\debug\objectiv.4a7a400e.tlog\link.command.1.tlog
c:\users\qwaae\desktop\objective homework2\objective homework2\debug\objectiv.4a7a400e.tlog\link.read.1.tlog
c:\users\qwaae\desktop\objective homework2\objective homework2\debug\objectiv.4a7a400e.tlog\link.write.1.tlog
